2016/11/04 22:17:29.691 [Test] 已处理：1个，原文件名：1庄心妍 - 一万个舍不得－海之南汽车影音.avi	更新文件名:一万个舍不得-庄心妍.avi
2016/11/04 22:17:29.874 [Test] 已处理：2个，原文件名：1祁隆-等你等了那么久－海之南汽车影音.avi	更新文件名:等你等了那么久-祁隆.avi
2016/11/04 22:17:30.110 [Test] 已处理：3个，原文件名：A Lin-她说(wsgsIII)-国语-流行.avi	更新文件名:她说(wsgsIII)-ALin-国语-流行.avi
2016/11/04 22:17:30.235 [Test] 已处理：4个，原文件名：A LIN-我等到花儿也谢了(wsgsIII)-国语-流行.avi	更新文件名:我等到花儿也谢了(wsgsIII)-ALIN-国语-流行.avi
2016/11/04 22:17:30.376 [Test] 已处理：5个，原文件名：A Lin-柠檬草的味道-国语-985157.avi	更新文件名:柠檬草的味道-ALin-国语-.avi
2016/11/04 22:17:30.496 [Test] 已处理：6个，原文件名：A Lin-爱-国语-984490.avi	更新文件名:爱-ALin-国语-.avi
2016/11/04 22:17:30.610 [Test] 已处理：7个，原文件名：A Lin-爱上你等于爱上寂寞-国语－海之南汽车影音.avi	更新文件名:爱上你等于爱上寂寞-ALin-国语.avi
2016/11/04 22:17:30.751 [Test] 已处理：8个，原文件名：A Lin-输了你赢了世界又如何(wsgsIII）-国语-流行.avi	更新文件名:输了你赢了世界又如何(wsgsIII）-ALin-国语-流行.avi
2016/11/04 22:17:30.859 [Test] 已处理：9个，原文件名：A Lin-输了你赢了世界又如何-国语－海之南汽车影音.avi	更新文件名:输了你赢了世界又如何-ALin-国语.avi
2016/11/04 22:17:30.985 [Test] 已处理：10个，原文件名：BEYOND-光辉岁月(演唱会)-粤语-854491.avi	更新文件名:光辉岁月(演唱会)-BEYOND-粤语-.avi
2016/11/04 22:17:31.143 [Test] 已处理：11个，原文件名：BEYOND-海阔天空(演唱会)-粤语-854493.avi	更新文件名:海阔天空(演唱会)-BEYOND-粤语-.avi
2016/11/04 22:17:31.720 [Test] 已处理：12个，原文件名：MC&Mellow-死一样的痛过-韩国-男女合唱-韩语.avi	更新文件名:死一样的痛过-MC&Mellow-韩国-男女合唱-韩语.avi
2016/11/04 22:17:32.238 [Test] 已处理：13个，原文件名：PSY_泫雅-江南Style-韩语.avi	更新文件名:江南Style-PSY_泫雅-韩语.avi
2016/11/04 22:17:32.623 [Test] 已处理：14个，原文件名：Sara-我的心好冷(MTV)-国语-853523.avi	更新文件名:我的心好冷(MTV)-Sara-国语-.avi
2016/11/04 22:17:33.440 [Test] 已处理：15个，原文件名：SARA^刘佳-爱很美(MTV)-国语-928355.avi	更新文件名:爱很美(MTV)-SARA^刘佳-国语-.avi
2016/11/04 22:17:33.929 [Test] 已处理：16个，原文件名：Sara^孙子涵-请安静的忘记我(MTV)-国语-924032.avi	更新文件名:请安静的忘记我(MTV)-Sara^孙子涵-国语-.avi
2016/11/04 22:17:34.445 [Test] 已处理：17个，原文件名：T R Y-不是因为寂寞才想你(现场版)-国语-901283.avi	更新文件名:不是因为寂寞才想你(现场版)-TRY-国语-.avi
2016/11/04 22:17:34.579 [Test] 已处理：18个，原文件名：Wiz Khalifa & Charlie Puth--See You Again.avi	更新文件名:-WizKhalifa&CharliePuth-SeeYouAgain.avi
2016/11/04 22:17:34.676 [Test] 已处理：19个，原文件名：《一拍两散MV》 - 许佳慧.avi	更新文件名:许佳慧-《一拍两散MV》.avi
2016/11/04 22:17:34.796 [Test] 已处理：20个，原文件名：何晟铭-爱的供养(人物)-国语-905433.avi	更新文件名:爱的供养(人物)-何晟铭-国语-.avi
2016/11/04 22:17:34.890 [Test] 已处理：21个，原文件名：侃侃-滴答－海之南汽车影音.avi	更新文件名:滴答-侃侃.avi
2016/11/04 22:17:35.051 [Test] 已处理：22个，原文件名：冰雨.avi	更新文件名:冰雨.avi
2016/11/04 22:17:35.481 [Test] 已处理：23个，原文件名：冰雨－海之南汽车影音.avi	更新文件名:冰雨.avi
2016/11/04 22:21:51.438 [Test] 已处理：1个，【原文件名】：1庄心妍 - 一万个舍不得－海之南汽车影音.avi【更新文件名】:一万个舍不得-庄心妍.avi
2016/11/04 22:21:51.491 [Test] 已处理：2个，【原文件名】：1祁隆-等你等了那么久－海之南汽车影音.avi【更新文件名】:等你等了那么久-祁隆.avi
2016/11/04 22:21:51.563 [Test] 已处理：3个，【原文件名】：A Lin-她说(wsgsIII)-国语-流行.avi【更新文件名】:她说(wsgsIII)-ALin-国语-流行.avi
2016/11/04 22:21:51.602 [Test] 已处理：4个，【原文件名】：A LIN-我等到花儿也谢了(wsgsIII)-国语-流行.avi【更新文件名】:我等到花儿也谢了(wsgsIII)-ALIN-国语-流行.avi
2016/11/04 22:21:51.642 [Test] 已处理：5个，【原文件名】：A Lin-柠檬草的味道-国语-985157.avi【更新文件名】:柠檬草的味道-ALin-国语-.avi
2016/11/04 22:21:51.676 [Test] 已处理：6个，【原文件名】：A Lin-爱-国语-984490.avi【更新文件名】:爱-ALin-国语-.avi
2016/11/04 22:21:51.710 [Test] 已处理：7个，【原文件名】：A Lin-爱上你等于爱上寂寞-国语－海之南汽车影音.avi【更新文件名】:爱上你等于爱上寂寞-ALin-国语.avi
2016/11/04 22:21:51.757 [Test] 已处理：8个，【原文件名】：A Lin-输了你赢了世界又如何(wsgsIII）-国语-流行.avi【更新文件名】:输了你赢了世界又如何(wsgsIII）-ALin-国语-流行.avi
2016/11/04 22:21:51.786 [Test] 已处理：9个，【原文件名】：A Lin-输了你赢了世界又如何-国语－海之南汽车影音.avi【更新文件名】:输了你赢了世界又如何-ALin-国语.avi
2016/11/04 22:21:51.822 [Test] 已处理：10个，【原文件名】：BEYOND-光辉岁月(演唱会)-粤语-854491.avi【更新文件名】:光辉岁月(演唱会)-BEYOND-粤语-.avi
2016/11/04 22:21:51.865 [Test] 已处理：11个，【原文件名】：BEYOND-海阔天空(演唱会)-粤语-854493.avi【更新文件名】:海阔天空(演唱会)-BEYOND-粤语-.avi
2016/11/04 22:21:52.017 [Test] 已处理：12个，【原文件名】：MC&Mellow-死一样的痛过-韩国-男女合唱-韩语.avi【更新文件名】:死一样的痛过-MC&Mellow-韩国-男女合唱-韩语.avi
2016/11/04 22:21:52.183 [Test] 已处理：13个，【原文件名】：PSY_泫雅-江南Style-韩语.avi【更新文件名】:江南Style-PSY_泫雅-韩语.avi
2016/11/04 22:21:52.318 [Test] 已处理：14个，【原文件名】：Sara-我的心好冷(MTV)-国语-853523.avi【更新文件名】:我的心好冷(MTV)-Sara-国语-.avi
2016/11/04 22:21:52.504 [Test] 已处理：15个，【原文件名】：SARA^刘佳-爱很美(MTV)-国语-928355.avi【更新文件名】:爱很美(MTV)-SARA^刘佳-国语-.avi
2016/11/04 22:21:52.678 [Test] 已处理：16个，【原文件名】：Sara^孙子涵-请安静的忘记我(MTV)-国语-924032.avi【更新文件名】:请安静的忘记我(MTV)-Sara^孙子涵-国语-.avi
2016/11/04 22:21:52.815 [Test] 已处理：17个，【原文件名】：T R Y-不是因为寂寞才想你(现场版)-国语-901283.avi【更新文件名】:不是因为寂寞才想你(现场版)-TRY-国语-.avi
2016/11/04 22:21:52.949 [Test] 已处理：18个，【原文件名】：Wiz Khalifa & Charlie Puth--See You Again.avi【更新文件名】:-WizKhalifa&CharliePuth-SeeYouAgain.avi
2016/11/04 22:21:53.082 [Test] 已处理：19个，【原文件名】：《一拍两散MV》 - 许佳慧.avi【更新文件名】:许佳慧-《一拍两散MV》.avi
2016/11/04 22:21:53.229 [Test] 已处理：20个，【原文件名】：何晟铭-爱的供养(人物)-国语-905433.avi【更新文件名】:爱的供养(人物)-何晟铭-国语-.avi
2016/11/04 22:21:53.353 [Test] 已处理：21个，【原文件名】：侃侃-滴答－海之南汽车影音.avi【更新文件名】:滴答-侃侃.avi
2016/11/04 22:21:53.566 [Test] 已处理：22个，【原文件名】：冰雨.avi【更新文件名】:冰雨.avi
2016/11/04 22:21:53.779 [Test] 已处理：23个，【原文件名】：冰雨－海之南汽车影音.avi【更新文件名】:冰雨.avi
2016/11/04 22:33:41.089 [Test] 已处理：1个，【原文件名】：1庄心妍 - 一万个舍不得－海之南汽车影音.avi; 【更新文件名】:一万个舍不得-庄心妍.avi
2016/11/04 22:33:41.145 [Test] 已处理：2个，【原文件名】：1祁隆-等你等了那么久－海之南汽车影音.avi; 【更新文件名】:等你等了那么久-祁隆.avi
2016/11/04 22:33:41.212 [Test] 已处理：3个，【原文件名】：A Lin-她说(wsgsIII)-国语-流行.avi; 【更新文件名】:她说(wsgsIII)-ALin-国语-流行.avi
2016/11/04 22:33:41.255 [Test] 已处理：4个，【原文件名】：A LIN-我等到花儿也谢了(wsgsIII)-国语-流行.avi; 【更新文件名】:我等到花儿也谢了(wsgsIII)-ALIN-国语-流行.avi
2016/11/04 22:33:41.303 [Test] 已处理：5个，【原文件名】：A Lin-柠檬草的味道-国语-985157.avi; 【更新文件名】:柠檬草的味道-ALin-国语-.avi
2016/11/04 22:33:41.337 [Test] 已处理：6个，【原文件名】：A Lin-爱-国语-984490.avi; 【更新文件名】:爱-ALin-国语-.avi
2016/11/04 22:33:41.369 [Test] 已处理：7个，【原文件名】：A Lin-爱上你等于爱上寂寞-国语－海之南汽车影音.avi; 【更新文件名】:爱上你等于爱上寂寞-ALin-国语.avi
2016/11/04 22:33:41.409 [Test] 已处理：8个，【原文件名】：A Lin-输了你赢了世界又如何(wsgsIII）-国语-流行.avi; 【更新文件名】:输了你赢了世界又如何(wsgsIII）-ALin-国语-流行.avi
2016/11/04 22:33:41.438 [Test] 已处理：9个，【原文件名】：A Lin-输了你赢了世界又如何-国语－海之南汽车影音.avi; 【更新文件名】:输了你赢了世界又如何-ALin-国语.avi
2016/11/04 22:33:41.488 [Test] 已处理：10个，【原文件名】：BEYOND-光辉岁月(演唱会)-粤语-854491.avi; 【更新文件名】:光辉岁月(演唱会)-BEYOND-粤语-.avi
2016/11/04 22:33:41.564 [Test] 已处理：11个，【原文件名】：BEYOND-海阔天空(演唱会)-粤语-854493.avi; 【更新文件名】:海阔天空(演唱会)-BEYOND-粤语-.avi
2016/11/04 22:33:41.768 [Test] 已处理：12个，【原文件名】：MC&Mellow-死一样的痛过-韩国-男女合唱-韩语.avi; 【更新文件名】:死一样的痛过-MC&Mellow-韩国-男女合唱-韩语.avi
2016/11/04 22:33:41.922 [Test] 已处理：13个，【原文件名】：PSY_泫雅-江南Style-韩语.avi; 【更新文件名】:江南Style-PSY_泫雅-韩语.avi
2016/11/04 22:33:42.054 [Test] 已处理：14个，【原文件名】：Sara-我的心好冷(MTV)-国语-853523.avi; 【更新文件名】:我的心好冷(MTV)-Sara-国语-.avi
2016/11/04 22:33:42.235 [Test] 已处理：15个，【原文件名】：SARA^刘佳-爱很美(MTV)-国语-928355.avi; 【更新文件名】:爱很美(MTV)-SARA^刘佳-国语-.avi
2016/11/04 22:33:42.410 [Test] 已处理：16个，【原文件名】：Sara^孙子涵-请安静的忘记我(MTV)-国语-924032.avi; 【更新文件名】:请安静的忘记我(MTV)-Sara^孙子涵-国语-.avi
2016/11/04 22:33:42.553 [Test] 已处理：17个，【原文件名】：T R Y-不是因为寂寞才想你(现场版)-国语-901283.avi; 【更新文件名】:不是因为寂寞才想你(现场版)-TRY-国语-.avi
2016/11/04 22:33:42.685 [Test] 已处理：18个，【原文件名】：Wiz Khalifa & Charlie Puth--See You Again.avi; 【更新文件名】:-WizKhalifa&CharliePuth-SeeYouAgain.avi
2016/11/04 22:33:42.814 [Test] 已处理：19个，【原文件名】：《一拍两散MV》 - 许佳慧.avi; 【更新文件名】:许佳慧-《一拍两散MV》.avi
2016/11/04 22:33:42.965 [Test] 已处理：20个，【原文件名】：何晟铭-爱的供养(人物)-国语-905433.avi; 【更新文件名】:爱的供养(人物)-何晟铭-国语-.avi
2016/11/04 22:33:43.090 [Test] 已处理：21个，【原文件名】：侃侃-滴答－海之南汽车影音.avi; 【更新文件名】:滴答-侃侃.avi
2016/11/04 22:33:43.295 [Test] 已处理：22个，【原文件名】：冰雨.avi; 【更新文件名】:冰雨.avi
2016/11/04 22:33:43.508 [Test] 已处理：23个，【原文件名】：冰雨－海之南汽车影音.avi; 【更新文件名】:冰雨.avi7cadbf62-2d3b-42db-b2a9-4999fca79255
2016/11/04 22:33:44.097 [Test] 已处理：24个，【原文件名】：冷漠-小三(MTV)-国语-852962.avi; 【更新文件名】:小三(MTV)-冷漠-国语-.avi
2016/11/04 22:33:44.818 [Test] 已处理：25个，【原文件名】：冷漠^云菲菲-这条街(MTV)-国语-920254.avi; 【更新文件名】:这条街(MTV)-冷漠^云菲菲-国语-.avi
2016/11/04 22:33:45.206 [Test] 已处理：26个，【原文件名】：凤凰传奇-荷塘月色(MTV)-国语-854637.avi; 【更新文件名】:荷塘月色(MTV)-凤凰传奇-国语-.avi
2016/11/04 22:33:45.794 [Test] 已处理：27个，【原文件名】：刀郎-敢问路在何方-国语-929751.avi; 【更新文件名】:敢问路在何方-刀郎-国语-.avi
2016/11/04 22:33:46.165 [Test] 已处理：28个，【原文件名】：刘德华-一起走过的日子(演唱会)-粤语-850461.avi; 【更新文件名】:一起走过的日子(演唱会)-刘德华-粤语-.avi
2016/11/04 22:33:46.427 [Test] 已处理：29个，【原文件名】：刘欢-从头再来(演唱会)-国语-814056.avi; 【更新文件名】:从头再来(演唱会)-刘欢-国语-.avi
2016/11/04 22:33:46.745 [Test] 已处理：30个，【原文件名】：刘涛 - 伤心的女人怎么了－海之南汽车影音.avi; 【更新文件名】:伤心的女人怎么了-刘涛.avi
2016/11/04 22:33:47.008 [Test] 已处理：31个，【原文件名】：刘涛-伤了心的女人怎么了-大陆-女-国语-替换.avi; 【更新文件名】:伤了心的女人怎么了-刘涛-大陆-女-国语-替换.avi
2016/11/04 22:33:47.133 [Test] 已处理：32个，【原文件名】：刘若英-为爱痴狂(演唱会)-国语-854532.avi; 【更新文件名】:为爱痴狂(演唱会)-刘若英-国语-.avi
2016/11/04 22:33:47.349 [Test] 已处理：33个，【原文件名】：刘若英-亲爱的路人-国语.avi; 【更新文件名】:亲爱的路人-刘若英-国语.avi
2016/11/04 22:33:47.527 [Test] 已处理：34个，【原文件名】：别说你还爱着我(MTV)易欣段千寻-59035.avi; 【更新文件名】:.avi-别说你还爱着我(MTV)易欣段千寻
2016/11/04 22:33:47.641 [Test] 已处理：35个，【原文件名】：卓依婷-我不想说-国语-003672.avi; 【更新文件名】:我不想说-卓依婷-国语-.avi
2016/11/04 22:33:48.071 [Test] 已处理：36个，【原文件名】：古巨基-匆匆那年(wsgsIII)-国语-流行.avi; 【更新文件名】:匆匆那年(wsgsIII)-古巨基-国语-流行.avi
2016/11/04 22:33:48.412 [Test] 已处理：37个，【原文件名】：古巨基-情人-粤语.avi; 【更新文件名】:情人-古巨基-粤语.avi
2016/11/04 22:33:48.959 [Test] 已处理：38个，【原文件名】：古巨基-突然好想你(现场版).avi; 【更新文件名】:突然好想你(现场版)-古巨基.avi
2016/11/04 22:33:49.434 [Test] 已处理：39个，【原文件名】：叶丽仪-上海滩(演唱会)-粤语-854505.avi; 【更新文件名】:上海滩(演唱会)-叶丽仪-粤语-.avi
2016/11/04 22:33:49.856 [Test] 已处理：40个，【原文件名】：吕方-朋友别哭(演唱会)-国语-825211.avi; 【更新文件名】:朋友别哭(演唱会)-吕方-国语-.avi
2016/11/04 22:33:50.258 [Test] 已处理：41个，【原文件名】：周笔畅-时间都去哪儿了(我是歌手)-国语.avi; 【更新文件名】:时间都去哪儿了(我是歌手)-周笔畅-国语.avi
2016/11/04 22:33:50.847 [Test] 已处理：42个，【原文件名】：周艳泓-白骨精写给孙悟空的信.avi; 【更新文件名】:白骨精写给孙悟空的信-周艳泓.avi
2016/11/04 22:33:51.313 [Test] 已处理：43个，【原文件名】：周艳泓-谁是下一个哥.avi; 【更新文件名】:谁是下一个哥-周艳泓.avi
2016/11/04 22:33:51.704 [Test] 已处理：44个，【原文件名】：夏天-不再联系-国语.avi; 【更新文件名】:不再联系-夏天-国语.avi
2016/11/04 22:33:51.923 [Test] 已处理：45个，【原文件名】：大哲-不想回家的女人.avi; 【更新文件名】:不想回家的女人-大哲.avi
2016/11/04 22:33:52.037 [Test] 已处理：46个，【原文件名】：大哲-闯码头(MTV)-国语-906684.avi; 【更新文件名】:闯码头(MTV)-大哲-国语-.avi
2016/11/04 22:33:52.137 [Test] 已处理：47个，【原文件名】：孙露-梦的翅膀受了伤－海之南汽车影音.avi; 【更新文件名】:梦的翅膀受了伤-孙露.avi
2016/11/04 22:33:52.285 [Test] 已处理：48个，【原文件名】：孙露-等你等了那么久－海之南汽车影音.avi; 【更新文件名】:等你等了那么久-孙露.avi
2016/11/04 22:33:52.495 [Test] 已处理：49个，【原文件名】：孟利-守候的温柔.avi; 【更新文件名】:守候的温柔-孟利.avi
2016/11/04 22:33:52.627 [Test] 已处理：50个，【原文件名】：孤星泪.avi; 【更新文件名】:孤星泪.avi
2016/11/04 22:33:52.993 [Test] 已处理：51个，【原文件名】：安与骑兵-三年三天(现场版)-国语-927604.avi; 【更新文件名】:三年三天(现场版)-安与骑兵-国语-.avi
2016/11/04 22:33:53.354 [Test] 已处理：52个，【原文件名】：安琥-天使的翅膀(演唱会)-国语-920390.avi; 【更新文件名】:天使的翅膀(演唱会)-安琥-国语-.avi
2016/11/04 22:33:53.694 [Test] 已处理：53个，【原文件名】：尚雯婕-你怎么舍得我难过(我是歌手)-国语.avi; 【更新文件名】:你怎么舍得我难过(我是歌手)-尚雯婕-国语.avi
2016/11/04 22:33:54.180 [Test] 已处理：54个，【原文件名】：崔子格_老貓-老婆最大-国语.avi; 【更新文件名】:老婆最大-崔子格_老貓-国语.avi
2016/11/04 22:33:54.681 [Test] 已处理：55个，【原文件名】：崔浩然-兄弟情长-国语-976401.avi; 【更新文件名】:兄弟情长-崔浩然-国语-.avi
2016/11/04 22:33:55.065 [Test] 已处理：56个，【原文件名】：张学友^林苑-我真的受伤了(演唱会)-国语-825500.avi; 【更新文件名】:我真的受伤了(演唱会)-张学友^林苑-国语-.avi
2016/11/04 22:33:55.571 [Test] 已处理：57个，【原文件名】：张宇-月亮惹的祸(我是歌手第二季)-国语.avi; 【更新文件名】:月亮惹的祸(我是歌手第二季)-张宇-国语.avi
2016/11/04 22:33:55.783 [Test] 已处理：58个，【原文件名】：张杰-我的未来不是梦(我是歌手第二季)-国语.avi; 【更新文件名】:我的未来不是梦(我是歌手第二季)-张杰-国语.avi
2016/11/04 22:33:55.957 [Test] 已处理：59个，【原文件名】：张真菲-花非花雾非雾.avi; 【更新文件名】:花非花雾非雾-张真菲.avi
2016/11/04 22:33:56.238 [Test] 已处理：60个，【原文件名】：张碧晨-时间都去哪了-国语-976434.avi; 【更新文件名】:时间都去哪了-张碧晨-国语-.avi
2016/11/04 22:33:56.444 [Test] 已处理：61个，【原文件名】：张芸京-偏爱-国语-流行-DVD原唱.avi; 【更新文件名】:偏爱-张芸京-国语-流行-DVD原唱.avi
2016/11/04 22:33:56.596 [Test] 已处理：62个，【原文件名】：张赫宣 - 假行僧.avi; 【更新文件名】:假行僧-张赫宣.avi
2016/11/04 22:33:56.666 [Test] 已处理：63个，【原文件名】：张靓颖 - 如果这就是爱情－海之南汽车影音.avi; 【更新文件名】:如果这就是爱情-张靓颖.avi
2016/11/04 22:33:56.816 [Test] 已处理：64个，【原文件名】：张靓颖-是否(wsgsIII)-国语-流行.avi; 【更新文件名】:是否(wsgsIII)-张靓颖-国语-流行.avi
2016/11/04 22:33:56.950 [Test] 已处理：65个，【原文件名】：张靓颖-离歌(wsgsIII）-国语-流行.avi; 【更新文件名】:离歌(wsgsIII）-张靓颖-国语-流行.avi
2016/11/04 22:33:57.127 [Test] 已处理：66个，【原文件名】：彭佳慧-走在红毯那一天-国语-4463.avi; 【更新文件名】:走在红毯那一天-彭佳慧-国语-.avi
2016/11/04 22:33:59.977 [Test] 已处理：67个，【原文件名】：慕容晓晓-爱情买卖(MTV)-国语-925859.avi; 【更新文件名】:爱情买卖(MTV)-慕容晓晓-国语-.avi
2016/11/04 22:34:00.629 [Test] 已处理：68个，【原文件名】：新水浒传-兄弟无数(MTV)-国语-920701.avi; 【更新文件名】:兄弟无数(MTV)-新水浒传-国语-.avi
2016/11/04 22:34:01.157 [Test] 已处理：69个，【原文件名】：曹格-我很丑可是我很温柔(我是歌手第二季)-国语.avi; 【更新文件名】:我很丑可是我很温柔(我是歌手第二季)-曹格-国语.avi
2016/11/04 22:34:01.566 [Test] 已处理：70个，【原文件名】：曹轩宾-可惜不是你(现场版)-国语-921112.avi; 【更新文件名】:可惜不是你(现场版)-曹轩宾-国语-.avi
2016/11/04 22:34:01.992 [Test] 已处理：71个，【原文件名】：曹轩宾-可惜不是你.avi; 【更新文件名】:可惜不是你-曹轩宾.avi
2016/11/04 22:34:02.209 [Test] 已处理：72个，【原文件名】：朴树-平凡之路-国语-双音轨480p.avi; 【更新文件名】:平凡之路-朴树-国语-双音轨p.avi
2016/11/04 22:34:02.336 [Test] 已处理：73个，【原文件名】：李代沫-我的歌声里-国语.avi; 【更新文件名】:我的歌声里-李代沫-国语.avi
2016/11/04 22:34:02.448 [Test] 已处理：74个，【原文件名】：李伟宾-兄弟你累了吗-国语-903620.avi; 【更新文件名】:兄弟你累了吗-李伟宾-国语-.avi
2016/11/04 22:34:03.103 [Test] 已处理：75个，【原文件名】：李佳薇-寂寞先生-国语-984842.avi; 【更新文件名】:寂寞先生-李佳薇-国语-.avi
2016/11/04 22:34:03.393 [Test] 已处理：76个，【原文件名】：李佳薇-煎熬(wsgsIII)-国语-流行.avi; 【更新文件名】:煎熬(wsgsIII)-李佳薇-国语-流行.avi
2016/11/04 22:34:03.710 [Test] 已处理：77个，【原文件名】：李健-传奇(演唱会)-国语-807487.avi; 【更新文件名】:传奇(演唱会)-李健-国语-.avi
2016/11/04 22:34:04.063 [Test] 已处理：78个，【原文件名】：李健-假如爱有天意-国语-984843.avi; 【更新文件名】:假如爱有天意-李健-国语-.avi
2016/11/04 22:34:04.365 [Test] 已处理：79个，【原文件名】：李健-当你老了(wsgsIII)-国语-流行.avi; 【更新文件名】:当你老了(wsgsIII)-李健-国语-流行.avi
2016/11/04 22:34:04.581 [Test] 已处理：80个，【原文件名】：李健^吴秀波-朋友^和自己赛跑的人-国语-985161.avi; 【更新文件名】:朋友^和自己赛跑的人-李健^吴秀波-国语-.avi
2016/11/04 22:34:04.711 [Test] 已处理：81个，【原文件名】：李健_孙俪-风吹麦浪-国语.avi; 【更新文件名】:风吹麦浪-李健_孙俪-国语.avi
2016/11/04 22:34:04.803 [Test] 已处理：82个，【原文件名】：李晓杰-朋友的酒-国语.avi; 【更新文件名】:朋友的酒-李晓杰-国语.avi
2016/11/04 22:34:05.040 [Test] 已处理：83个，【原文件名】：李玉刚^石头-雨花石-国语-929590.avi; 【更新文件名】:雨花石-李玉刚^石头-国语-.avi
2016/11/04 22:34:05.570 [Test] 已处理：84个，【原文件名】：来生缘+一起走过的日子.avi; 【更新文件名】:来生缘+一起走过的日子.avi
2016/11/04 22:34:06.285 [Test] 已处理：85个，【原文件名】：杨宗纬-征服-国语-7301.avi; 【更新文件名】:征服-杨宗纬-国语-.avi
2016/11/04 22:34:06.863 [Test] 已处理：86个，【原文件名】：杨宗纬-流浪记-国语-7648.avi; 【更新文件名】:流浪记-杨宗纬-国语-.avi
2016/11/04 22:34:07.381 [Test] 已处理：87个，【原文件名】：杨梓-谁是我的郎-国语.avi; 【更新文件名】:谁是我的郎-杨梓-国语.avi
2016/11/04 22:34:07.867 [Test] 已处理：88个，【原文件名】：林俊杰-江南(演唱会)-国语-903952.avi; 【更新文件名】:江南(演唱会)-林俊杰-国语-.avi
2016/11/04 22:34:08.271 [Test] 已处理：89个，【原文件名】：林家小妹-我想抱着你-国语-812550.avi; 【更新文件名】:我想抱着你-林家小妹-国语-.avi
2016/11/04 22:34:08.472 [Test] 已处理：90个，【原文件名】：樊凡-我想大声告诉你-国语-852291.avi; 【更新文件名】:我想大声告诉你-樊凡-国语-.avi
2016/11/04 22:34:08.592 [Test] 已处理：91个，【原文件名】：欢子-原谅我一次－海之南汽车影音.avi; 【更新文件名】:原谅我一次-欢子.avi
2016/11/04 22:34:08.956 [Test] 已处理：92个，【原文件名】：欢子-得到你的人却得不到你的心－海之南汽车影音.avi; 【更新文件名】:得到你的人却得不到你的心-欢子.avi
2016/11/04 22:34:09.487 [Test] 已处理：93个，【原文件名】：江涛 - 生日礼物－海之南汽车影音.avi; 【更新文件名】:生日礼物-江涛.avi
2016/11/04 22:34:09.780 [Test] 已处理：94个，【原文件名】：汪峰-春天里(演唱会)-国语-920078.avi; 【更新文件名】:春天里(演唱会)-汪峰-国语-.avi
2016/11/04 22:34:09.899 [Test] 已处理：95个，【原文件名】：沙宝亮-最初的信仰(我是歌手)-国语.avi; 【更新文件名】:最初的信仰(我是歌手)-沙宝亮-国语.avi
2016/11/04 22:34:10.007 [Test] 已处理：96个，【原文件名】：沙宝亮-鸿雁-国语-1198.avi; 【更新文件名】:鸿雁-沙宝亮-国语-.avi
2016/11/04 22:34:10.173 [Test] 已处理：97个，【原文件名】：海之南汽车影音－刘德华－钻石眼泪.avi; 【更新文件名】:－刘德华－钻石眼泪.avi
2016/11/04 22:34:10.677 [Test] 已处理：98个，【原文件名】：海之南汽车影音－刘若英-后来.avi; 【更新文件名】:后来-－刘若英.avi
2016/11/04 22:34:11.321 [Test] 已处理：99个，【原文件名】：海之南汽车影音－周传雄-黄昏.avi; 【更新文件名】:黄昏-－周传雄.avi
2016/11/04 22:34:11.747 [Test] 已处理：100个，【原文件名】：海之南汽车影音－周艳泓-邻妹妹爱上假宝玉.avi; 【更新文件名】:邻妹妹爱上假宝玉-－周艳泓.avi
2016/11/04 22:34:12.418 [Test] 已处理：101个，【原文件名】：海之南汽车影音－女人的美 官方版 - 龙梅子.avi; 【更新文件名】:龙梅子-－女人的美官方版.avi
2016/11/04 22:34:12.708 [Test] 已处理：102个，【原文件名】：海之南汽车影音－妞妞-我不是江南Style.avi; 【更新文件名】:我不是江南Style-－妞妞.avi
2016/11/04 22:34:13.238 [Test] 已处理：103个，【原文件名】：海之南汽车影音－孙露-不要再来伤害我.avi; 【更新文件名】:不要再来伤害我-－孙露.avi
2016/11/04 22:34:13.752 [Test] 已处理：104个，【原文件名】：海之南汽车影音－孙露-别在分手的时候说爱我.avi; 【更新文件名】:别在分手的时候说爱我-－孙露.avi
2016/11/04 22:34:14.061 [Test] 已处理：105个，【原文件名】：海之南汽车影音－孙露-天使的翅膀.avi; 【更新文件名】:天使的翅膀-－孙露.avi
2016/11/04 22:34:14.377 [Test] 已处理：106个，【原文件名】：海之南汽车影音－孙露-孙露-把悲伤留给自己.avi; 【更新文件名】:孙露-－孙露-把悲伤留给自己.avi
2016/11/04 22:34:14.717 [Test] 已处理：107个，【原文件名】：海之南汽车影音－孙露-找个天使替我去爱你.avi; 【更新文件名】:找个天使替我去爱你-－孙露.avi
2016/11/04 22:34:14.942 [Test] 已处理：108个，【原文件名】：海之南汽车影音－孙露-最真的梦.avi; 【更新文件名】:最真的梦-－孙露.avi
2016/11/04 22:34:15.392 [Test] 已处理：109个，【原文件名】：海之南汽车影音－孙露-趁早.avi; 【更新文件名】:趁早-－孙露.avi
2016/11/04 22:34:15.664 [Test] 已处理：110个，【原文件名】：海之南汽车影音－孟小笛-祁隆 啦啦爱.avi; 【更新文件名】:祁隆啦啦爱-－孟小笛.avi
2016/11/04 22:34:15.818 [Test] 已处理：111个，【原文件名】：海之南汽车影音－小苹果 - 青岛美女幼师版.avi; 【更新文件名】:青岛美女幼师版-－小苹果.avi
2016/11/04 22:34:16.004 [Test] 已处理：112个，【原文件名】：海之南汽车影音－张国荣-倩女幽魂.avi; 【更新文件名】:倩女幽魂-－张国荣.avi
2016/11/04 22:34:16.566 [Test] 已处理：113个，【原文件名】：海之南汽车影音－张靓颖-我用所有报答爱-国语.avi; 【更新文件名】:我用所有报答爱-－张靓颖-国语.avi
2016/11/04 22:34:17.099 [Test] 已处理：114个，【原文件名】：海之南汽车影音－张靓颖-离歌-国语.avi; 【更新文件名】:离歌-－张靓颖-国语.avi
2016/11/04 22:34:17.712 [Test] 已处理：115个，【原文件名】：海之南汽车影音－张韶涵-快乐崇拜.avi; 【更新文件名】:快乐崇拜-－张韶涵.avi
2016/11/04 22:34:18.196 [Test] 已处理：116个，【原文件名】：海之南汽车影音－徐良-杨洋-邂逅.avi; 【更新文件名】:杨洋-－徐良-邂逅.avi
2016/11/04 22:34:18.467 [Test] 已处理：117个，【原文件名】：海之南汽车影音－忘情水.avi; 【更新文件名】:－忘情水.avi
2016/11/04 22:34:18.617 [Test] 已处理：118个，【原文件名】：海之南汽车影音－我的好兄弟.avi; 【更新文件名】:－我的好兄弟.avi
2016/11/04 22:34:18.696 [Test] 已处理：119个，【原文件名】：海之南汽车影音－拯救.avi; 【更新文件名】:－拯救.avi
2016/11/04 22:34:18.768 [Test] 已处理：120个，【原文件名】：海之南汽车影音－李荣浩-笑忘书-国语].avi; 【更新文件名】:笑忘书-－李荣浩-国语].avi
2016/11/04 22:34:18.890 [Test] 已处理：121个，【原文件名】：海之南汽车影音－桐雨-小萝莉.avi; 【更新文件名】:小萝莉-－桐雨.avi
2016/11/04 22:34:19.037 [Test] 已处理：122个，【原文件名】：海之南汽车影音－沈昊飞-爷们别说累.avi; 【更新文件名】:爷们别说累-－沈昊飞.avi
2016/11/04 22:34:19.912 [Test] 已处理：123个，【原文件名】：海之南汽车影音－王蓉神曲《小鸡小鸡》官方舞蹈版.avi; 【更新文件名】:－王蓉神曲《小鸡小鸡》官方舞蹈版.avi
2016/11/04 22:34:20.461 [Test] 已处理：124个，【原文件名】：海之南汽车影音－王麟 - 我和我的小伙伴们都惊呆了.AVI; 【更新文件名】:我和我的小伙伴们都惊呆了-－王麟.AVI
2016/11/04 22:34:21.011 [Test] 已处理：125个，【原文件名】：海之南汽车影音－甜蜜 SNH48-青春的约定(Give Me Five).avi; 【更新文件名】:青春的约定(GiveMeFive)-－甜蜜SNH.avi
2016/11/04 22:34:21.568 [Test] 已处理：126个，【原文件名】：海之南汽车影音－祁隆-一万个对不起.avi; 【更新文件名】:一万个对不起-－祁隆.avi
2016/11/04 22:34:22.043 [Test] 已处理：127个，【原文件名】：海之南汽车影音－祁隆-一生最爱的是你.avi; 【更新文件名】:一生最爱的是你-－祁隆.avi
2016/11/04 22:34:22.319 [Test] 已处理：128个，【原文件名】：海之南汽车影音－谢谢你的爱.avi; 【更新文件名】:－谢谢你的爱.avi
2016/11/04 22:34:22.581 [Test] 已处理：129个，【原文件名】：海之南汽车影音－郑源-沈丹丹-幸福恋人.avi; 【更新文件名】:沈丹丹-－郑源-幸福恋人.avi
2016/11/04 22:34:23.269 [Test] 已处理：130个，【原文件名】：海之南汽车影音－钟明秋-人生何处不相逢.avi; 【更新文件名】:人生何处不相逢-－钟明秋.avi
2016/11/04 22:34:23.637 [Test] 已处理：131个，【原文件名】：海之南汽车影音－阿索-狐狸精.avi; 【更新文件名】:狐狸精-－阿索.avi
2016/11/04 22:34:23.908 [Test] 已处理：132个，【原文件名】：海之南汽车影音－饶天亮-做你的爱人.avi; 【更新文件名】:做你的爱人-－饶天亮.avi
2016/11/04 22:34:24.070 [Test] 已处理：133个，【原文件名】：海之南汽车影音－龙梅子&冷漠-想你啦.avi; 【更新文件名】:想你啦-－龙梅子&冷漠.avi
2016/11/04 22:34:24.145 [Test] 已处理：134个，【原文件名】：海之南汽车影音－龙梅子-因为爱着你.avi; 【更新文件名】:因为爱着你-－龙梅子.avi
2016/11/04 22:34:24.215 [Test] 已处理：135个，【原文件名】：海阔_李进-兄弟我挺你载－海之南汽车影音.avi; 【更新文件名】:兄弟我挺你载-海阔_李进.avi
2016/11/04 22:34:24.326 [Test] 已处理：136个，【原文件名】：爱戴-和寂寞说分手-国语-820839.avi; 【更新文件名】:和寂寞说分手-爱戴-国语-.avi
2016/11/04 22:34:24.587 [Test] 已处理：137个，【原文件名】：王铮亮-时间都去哪儿了-国语.avi; 【更新文件名】:时间都去哪儿了-王铮亮-国语.avi
2016/11/04 22:34:25.871 [Test] 已处理：138个，【原文件名】：田馥甄-魔鬼中的天使(MTV)-国语-925229.avi; 【更新文件名】:魔鬼中的天使(MTV)-田馥甄-国语-.avi
2016/11/04 22:34:27.152 [Test] 已处理：139个，【原文件名】：祁隆-今生爱的就是你[HD]-国语.avi; 【更新文件名】:今生爱的就是你[HD]-祁隆-国语.avi
2016/11/04 22:34:28.108 [Test] 已处理：140个，【原文件名】：祁隆-今生爱的就是你－海之南汽车影音.avi; 【更新文件名】:今生爱的就是你-祁隆.avi
2016/11/04 22:34:28.911 [Test] 已处理：141个，【原文件名】：祁隆_乐凡-爱的世界只有你[HD]-国语.avi; 【更新文件名】:爱的世界只有你[HD]-祁隆_乐凡-国语.avi
2016/11/04 22:34:29.284 [Test] 已处理：142个，【原文件名】：程响-新娘不是我-国语.avi; 【更新文件名】:新娘不是我-程响-国语.avi
2016/11/04 22:34:29.621 [Test] 已处理：143个，【原文件名】：筷子兄弟-父亲(MTV)-国语-927617.avi; 【更新文件名】:父亲(MTV)-筷子兄弟-国语-.avi
2016/11/04 22:34:30.100 [Test] 已处理：144个，【原文件名】：筷子兄弟-老男孩(MTV)-国语-904121.avi; 【更新文件名】:老男孩(MTV)-筷子兄弟-国语-.avi
2016/11/04 22:34:30.515 [Test] 已处理：145个，【原文件名】：罗大佑-野百合也有春天(演唱会)-国语-926751.avi; 【更新文件名】:野百合也有春天(演唱会)-罗大佑-国语-.avi
2016/11/04 22:34:30.885 [Test] 已处理：146个，【原文件名】：群星-相亲相爱(演唱会)-国语-927879.avi; 【更新文件名】:相亲相爱(演唱会)-群星-国语-.avi
2016/11/04 22:34:31.415 [Test] 已处理：147个，【原文件名】：羽泉-心似狂潮-国语-9270.avi; 【更新文件名】:心似狂潮-羽泉-国语-.avi
2016/11/04 22:34:31.867 [Test] 已处理：148个，【原文件名】：羽泉-烛光里的妈妈-国语-8970.avi; 【更新文件名】:烛光里的妈妈-羽泉-国语-.avi
2016/11/04 22:34:32.372 [Test] 已处理：149个，【原文件名】：胡夏-那些年(MTV)-国语-923438.avi; 【更新文件名】:那些年(MTV)-胡夏-国语-.avi
2016/11/04 22:34:32.697 [Test] 已处理：150个，【原文件名】：胡彦斌-一言难尽-国语－海之南汽车影音.avi; 【更新文件名】:一言难尽-胡彦斌-国语.avi
2016/11/04 22:34:32.848 [Test] 已处理：151个，【原文件名】：胡杨林-香水有毒(MTV)-国语-811500.avi; 【更新文件名】:香水有毒(MTV)-胡杨林-国语-.avi
2016/11/04 22:34:32.971 [Test] 已处理：152个，【原文件名】：腾格尔-天堂(MTV)-国语-809090.avi; 【更新文件名】:天堂(MTV)-腾格尔-国语-.avi
2016/11/04 22:34:33.127 [Test] 已处理：153个，【原文件名】：范晓萱－稍息立正站好.avi; 【更新文件名】:范晓萱－稍息立正站好.avi
2016/11/04 22:34:33.351 [Test] 已处理：154个，【原文件名】：草蜢-宝贝对不起－海之南汽车影音.avi; 【更新文件名】:宝贝对不起-草蜢.avi
2016/11/04 22:34:34.075 [Test] 已处理：155个，【原文件名】：莫文蔚-外面的世界(现场版)-国语-540039.avi; 【更新文件名】:外面的世界(现场版)-莫文蔚-国语-.avi
2016/11/04 22:34:34.488 [Test] 已处理：156个，【原文件名】：莫文蔚-忽然之间(MTV)-国语-854592.avi; 【更新文件名】:忽然之间(MTV)-莫文蔚-国语-.avi
2016/11/04 22:34:34.906 [Test] 已处理：157个，【原文件名】：萨顶顶-万物生(MTV)-国语-854481.avi; 【更新文件名】:万物生(MTV)-萨顶顶-国语-.avi
2016/11/04 22:34:35.381 [Test] 已处理：158个，【原文件名】：蒋雪儿-谁在意我流下的泪.avi; 【更新文件名】:谁在意我流下的泪-蒋雪儿.avi
2016/11/04 22:34:35.800 [Test] 已处理：159个，【原文件名】：蒙面哥-一亿个伤心-国语.avi; 【更新文件名】:一亿个伤心-蒙面哥-国语.avi
2016/11/04 22:34:36.000 [Test] 已处理：160个，【原文件名】：蔡妍-两个人-韩语-流行-DVD原唱.avi; 【更新文件名】:两个人-蔡妍-韩语-流行-DVD原唱.avi
2016/11/04 22:34:36.378 [Test] 已处理：161个，【原文件名】：许嵩-断桥残雪(人物)-国语-917843.avi; 【更新文件名】:断桥残雪(人物)-许嵩-国语-.avi
2016/11/04 22:34:36.802 [Test] 已处理：162个，【原文件名】：谢帝-明天不上班(中国好歌曲)-国语.avi; 【更新文件名】:明天不上班(中国好歌曲)-谢帝-国语.avi
2016/11/04 22:34:37.049 [Test] 已处理：163个，【原文件名】：谭维维-如果有来生-国语-985164.avi; 【更新文件名】:如果有来生-谭维维-国语-.avi
2016/11/04 22:34:37.232 [Test] 已处理：164个，【原文件名】：贺一航 - 一个人的寂寞两个人的错－海之南汽车影音.avi; 【更新文件名】:一个人的寂寞两个人的错-贺一航.avi
2016/11/04 22:34:37.378 [Test] 已处理：165个，【原文件名】：赖伟锋-闹够了没有[HD]-国语.avi; 【更新文件名】:闹够了没有[HD]-赖伟锋-国语.avi
2016/11/04 22:34:37.608 [Test] 已处理：166个，【原文件名】：辛晓琪-亲爱的小孩(我是歌手)-国语.avi; 【更新文件名】:亲爱的小孩(我是歌手)-辛晓琪-国语.avi
2016/11/04 22:34:37.743 [Test] 已处理：167个，【原文件名】：辛晓琪-原来的我-国语-6697.avi; 【更新文件名】:原来的我-辛晓琪-国语-.avi
2016/11/04 22:34:37.881 [Test] 已处理：168个，【原文件名】：辛晓琪-领悟[HD](我是歌手)-国语.avi; 【更新文件名】:领悟[HD](我是歌手)-辛晓琪-国语.avi
2016/11/04 22:34:38.048 [Test] 已处理：169个，【原文件名】：邓紫棋 - 你把我灌醉.avi; 【更新文件名】:你把我灌醉-邓紫棋.avi
2016/11/04 22:34:38.240 [Test] 已处理：170个，【原文件名】：邓紫棋-喜欢你(我是歌手)[HD]-粤语.avi; 【更新文件名】:喜欢你(我是歌手)[HD]-邓紫棋-粤语.avi
2016/11/04 22:34:38.710 [Test] 已处理：171个，【原文件名】：邓紫棋-喜欢你-国语-973396.avi; 【更新文件名】:喜欢你-邓紫棋-国语-.avi
2016/11/04 22:34:39.078 [Test] 已处理：172个，【原文件名】：邓紫棋-喜欢你_国语_流行.avi; 【更新文件名】:喜欢你_国语_流行-邓紫棋.avi
2016/11/04 22:34:39.581 [Test] 已处理：173个，【原文件名】：邓紫棋-存在[HD](我是歌手第二季)-国语.avi; 【更新文件名】:存在[HD](我是歌手第二季)-邓紫棋-国语.avi
2016/11/04 22:34:39.972 [Test] 已处理：174个，【原文件名】：邓紫棋-是否-国语.avi; 【更新文件名】:是否-邓紫棋-国语.avi
2016/11/04 22:34:40.444 [Test] 已处理：175个，【原文件名】：邓紫棋-有多少爱可以重来－海之南汽车影音.avi; 【更新文件名】:有多少爱可以重来-邓紫棋.avi
2016/11/04 22:34:41.424 [Test] 已处理：176个，【原文件名】：邓紫棋-泡沫(MTV)-国语-962122.avi; 【更新文件名】:泡沫(MTV)-邓紫棋-国语-.avi
2016/11/04 22:34:41.783 [Test] 已处理：177个，【原文件名】：邓紫棋_方大同-春天里(我是歌手)-国语.avi; 【更新文件名】:春天里(我是歌手)-邓紫棋_方大同-国语.avi
2016/11/04 22:34:42.077 [Test] 已处理：178个，【原文件名】：邓超 - 超级英雄－海之南汽车影音.avi; 【更新文件名】:超级英雄-邓超.avi
2016/11/04 22:34:42.126 [Test] 已处理：179个，【原文件名】：邱永传—十一年.avi; 【更新文件名】:邱永传—十一年.avi
2016/11/04 22:34:42.242 [Test] 已处理：180个，【原文件名】：郁可唯-时间煮雨[HD]-国语.avi; 【更新文件名】:时间煮雨[HD]-郁可唯-国语.avi
2016/11/04 22:34:42.345 [Test] 已处理：181个，【原文件名】：郑源-爱情码头(MTV)-国语－海之南汽车影音.avi; 【更新文件名】:爱情码头(MTV)-郑源-国语.avi
2016/11/04 22:34:42.475 [Test] 已处理：182个，【原文件名】：郭嘉俊 - 人在心不在－海之南汽车影音.avi; 【更新文件名】:人在心不在-郭嘉俊.avi
2016/11/04 22:34:42.600 [Test] 已处理：183个，【原文件名】：金润吉 & 金池 - 热情的沙漠.avi; 【更新文件名】:热情的沙漠-金润吉&金池.avi
2016/11/04 22:34:42.674 [Test] 已处理：184个，【原文件名】：金莎-星月神话(MTV)-国语-901345.avi; 【更新文件名】:星月神话(MTV)-金莎-国语-.avi
2016/11/04 22:34:42.884 [Test] 已处理：185个，【原文件名】：金莎-星月神话－海之南汽车影音.avi; 【更新文件名】:星月神话-金莎.avi
2016/11/04 22:34:43.453 [Test] 已处理：186个，【原文件名】：阿兰-三生石三生路-国语-970755.avi; 【更新文件名】:三生石三生路-阿兰-国语-.avi
2016/11/04 22:34:43.955 [Test] 已处理：187个，【原文件名】：阿宝-老爸老妈(演唱会)-国语-6813.avi; 【更新文件名】:老爸老妈(演唱会)-阿宝-国语-.avi
2016/11/04 22:34:44.272 [Test] 已处理：188个，【原文件名】：阿桑-寂寞在唱歌(MTV)-国语-812927.avi; 【更新文件名】:寂寞在唱歌(MTV)-阿桑-国语-.avi
2016/11/04 22:34:44.867 [Test] 已处理：189个，【原文件名】：阿索-狐狸精－海之南汽车影音.avi; 【更新文件名】:狐狸精-阿索.avi
2016/11/04 22:34:45.814 [Test] 已处理：190个，【原文件名】：陈奕迅-十年-国语.avi; 【更新文件名】:十年-陈奕迅-国语.avi
2016/11/04 22:34:46.259 [Test] 已处理：191个，【原文件名】：陈奕迅-浮夸(MTV)-粤语-846032.avi; 【更新文件名】:浮夸(MTV)-陈奕迅-粤语-.avi
2016/11/04 22:34:46.637 [Test] 已处理：192个，【原文件名】：陈奕迅-稳稳的幸福(MTV)[国语].avi; 【更新文件名】:稳稳的幸福(MTV)[国语]-陈奕迅.avi
2016/11/04 22:34:46.849 [Test] 已处理：193个，【原文件名】：陈奕迅-等你爱我(MTV)-国语-905697.avi; 【更新文件名】:等你爱我(MTV)-陈奕迅-国语-.avi
2016/11/04 22:34:46.970 [Test] 已处理：194个，【原文件名】：陈慧琳-花花宇宙－海之南汽车影音.avi; 【更新文件名】:花花宇宙-陈慧琳.avi
2016/11/04 22:34:47.118 [Test] 已处理：195个，【原文件名】：陈慧琳-记事本－海之南汽车影音.avi; 【更新文件名】:记事本-陈慧琳.avi
2016/11/04 22:34:47.271 [Test] 已处理：196个，【原文件名】：陈明-听说爱情回来过-国语-5157.avi; 【更新文件名】:听说爱情回来过-陈明-国语-.avi
2016/11/04 22:34:47.414 [Test] 已处理：197个，【原文件名】：陈明-当我想你的时候(我是歌手)-国语.avi; 【更新文件名】:当我想你的时候(我是歌手)-陈明-国语.avi
2016/11/04 22:34:47.517 [Test] 已处理：198个，【原文件名】：陈明-新不了情-国语-2059.avi; 【更新文件名】:新不了情-陈明-国语-.avi
2016/11/04 22:34:47.901 [Test] 已处理：199个，【原文件名】：陈楚生-有没有人告诉你(MTV)-国语-818379.avi; 【更新文件名】:有没有人告诉你(MTV)-陈楚生-国语-.avi
2016/11/04 22:34:48.489 [Test] 已处理：200个，【原文件名】：陈玉建-干露露-我爱你－海之南汽车影音.avi; 【更新文件名】:干露露-陈玉建-我爱你.avi
2016/11/04 22:34:49.528 [Test] 已处理：201个，【原文件名】：霍尊-卷珠帘(中国好歌曲)-国语.avi; 【更新文件名】:卷珠帘(中国好歌曲)-霍尊-国语.avi
2016/11/04 22:34:50.118 [Test] 已处理：202个，【原文件名】：韩磊-向天再借五百年(MTV)-国语-823103.avi; 【更新文件名】:向天再借五百年(MTV)-韩磊-国语-.avi
2016/11/04 22:34:50.369 [Test] 已处理：203个，【原文件名】：韩磊-等待(MTV)-国语-807548.avi; 【更新文件名】:等待(MTV)-韩磊-国语-.avi
2016/11/04 22:34:50.754 [Test] 已处理：204个，【原文件名】：韩磊-等待(我是歌手第二季)-国语.avi; 【更新文件名】:等待(我是歌手第二季)-韩磊-国语.avi
2016/11/04 22:34:51.157 [Test] 已处理：205个，【原文件名】：韩红-海阔天空(wsgsIII)-国语-流行.avi; 【更新文件名】:海阔天空(wsgsIII)-韩红-国语-流行.avi
2016/11/04 22:34:51.515 [Test] 已处理：206个，【原文件名】：韩红-莫尼山(wsgsIII）-国语-流行.avi; 【更新文件名】:莫尼山(wsgsIII）-韩红-国语-流行.avi
2016/11/04 22:34:51.862 [Test] 已处理：207个，【原文件名】：风雷-回来我的爱.avi; 【更新文件名】:回来我的爱-风雷.avi
2016/11/04 22:34:51.979 [Test] 已处理：208个，【原文件名】：高进^小沈阳-我的好兄弟(现场版)-国语-922107.avi; 【更新文件名】:我的好兄弟(现场版)-高进^小沈阳-国语-.avi
2016/11/04 22:34:52.092 [Test] 已处理：209个，【原文件名】：高进_小沈阳-男人歌[HD]-国语.avi; 【更新文件名】:男人歌[HD]-高进_小沈阳-国语.avi
2016/11/04 22:34:52.206 [Test] 已处理：210个，【原文件名】：魏新雨-恋人心－海之南汽车影音.avi; 【更新文件名】:恋人心-魏新雨.avi
2016/11/04 22:34:52.322 [Test] 已处理：211个，【原文件名】：黄晓明_邓超_佟大为-光阴的故事-国语.avi; 【更新文件名】:光阴的故事-黄晓明_邓超_佟大为-国语.avi
2016/11/04 22:34:52.420 [Test] 已处理：212个，【原文件名】：黄绮珊-牵手(我是歌手)-国语.avi; 【更新文件名】:牵手(我是歌手)-黄绮珊-国语.avi
2016/11/04 22:34:52.565 [Test] 已处理：213个，【原文件名】：黄绮珊-离不开你(我是歌手)-国语.avi; 【更新文件名】:离不开你(我是歌手)-黄绮珊-国语.avi
2016/11/04 22:34:53.101 [Test] 已处理：214个，【原文件名】：黄绮珊-等待(我是歌手)-国语.avi; 【更新文件名】:等待(我是歌手)-黄绮珊-国语.avi
2016/11/04 22:34:53.605 [Test] 已处理：215个，【原文件名】：龙梅子_杨海彪-寂寞的人伤心的歌-国语.avi; 【更新文件名】:寂寞的人伤心的歌-龙梅子_杨海彪-国语.avi
